<?xml version="1.0" encoding="UTF-8"?>
<testsuite name="Login Functionality" tests="1" skipped="0" failures="0" errors="0" timestamp="2024-06-19T01:18:54" hostname="Jose-Mendez-MacBook-Pro" time="15.376">
  <properties/>
  <testcase name="Successful Login with Valid Credentials" classname="Login Functionality" time="15.376"/>
  <system-out><![CDATA[
Scenario: Successful Login with Valid Credentials ?[90m# src/test/resources/features/ui/login.feature:3?[0m
  ?[32mGiven ?[0m?[32muser is on Login page?[0m                     ?[90m# com.example.stepdefinitions.ui.LoginSteps.user_is_on_login_page()?[0m
  ?[32mWhen ?[0m?[32muser logs in with valid credential?[0m         ?[90m# com.example.stepdefinitions.ui.LoginSteps.user_clicks_login_button()?[0m
  ?[32mThen ?[0m?[32muser is navigated to the Dashboard page?[0m    ?[90m# com.example.stepdefinitions.ui.LoginSteps.user_is_navigated_to_the_home_page()?[0m
]]></system-out>
  <system-err><![CDATA[SLF4J(W): No SLF4J providers were found.
SLF4J(W): Defaulting to no-operation (NOP) logger implementation
SLF4J(W): See https://www.slf4j.org/codes.html#noProviders for further details.
Jun 18, 2024 7:18:55 PM org.openqa.selenium.devtools.CdpVersionFinder findNearestMatch
WARNING: Unable to find an exact match for CDP version 126, returning the closest version; found: 125; Please update to a Selenium version that supports CDP version 126
]]></system-err>
</testsuite>
